<?xml version="1.0" encoding="UTF-8"?>
<!-- Generated by org.testng.reporters.JUnitXMLReporter -->
<testsuite ignored="0" hostname="Hanuman" failures="0" tests="5" name="open cart HomePage Test_firefox" time="19.617" errors="0" timestamp="2025-08-05T17:36:41 IST">
  <testcase classname="com.qa.opencart.tests.HomePageTest" name="homepageTitleTest" time="0.022"/>
  <testcase classname="com.qa.opencart.tests.HomePageTest" name="homepageURLTest" time="0.006"/>
  <testcase classname="com.qa.opencart.tests.HomePageTest" name="searchTest" time="0.711"/>
  <testcase classname="com.qa.opencart.tests.HomePageTest" name="searchTest" time="0.664"/>
  <testcase classname="com.qa.opencart.tests.HomePageTest" name="searchTest" time="0.547"/>
</testsuite> <!-- open cart HomePage Test_firefox -->
