<?xml version="1.0" encoding="UTF-8"?>
<!-- Generated by org.testng.reporters.JUnitXMLReporter -->
<testsuite ignored="0" hostname="Hanuman" failures="0" tests="5" name="open cart HomePage Test_firefox" time="23.917" errors="0" timestamp="2025-08-05T18:40:21 IST">
  <testcase classname="com.qa.opencart.tests.HomePageTest" name="homepageTitleTest" time="0.017"/>
  <testcase classname="com.qa.opencart.tests.HomePageTest" name="homepageURLTest" time="0.004"/>
  <testcase classname="com.qa.opencart.tests.HomePageTest" name="searchTest" time="1.001"/>
  <testcase classname="com.qa.opencart.tests.HomePageTest" name="searchTest" time="0.921"/>
  <testcase classname="com.qa.opencart.tests.HomePageTest" name="searchTest" time="0.896"/>
</testsuite> <!-- open cart HomePage Test_firefox -->
