<?xml version="1.0" encoding="UTF-8"?>
<!-- Generated by org.testng.reporters.JUnitXMLReporter -->
<testsuite ignored="0" hostname="Hanuman" failures="0" tests="3" name="open cart LoginPage Test_chrome" time="18.272" errors="0" timestamp="2025-08-05T18:40:16 IST">
  <testcase classname="com.qa.opencart.tests.LoginPageTest" name="loginPageNavigationTest" time="0.829"/>
  <testcase classname="com.qa.opencart.tests.LoginPageTest" name="forgotPwdLinkExistTest" time="0.04"/>
  <testcase classname="com.qa.opencart.tests.LoginPageTest" name="appLoginTest" time="1.21"/>
</testsuite> <!-- open cart LoginPage Test_chrome -->
