<?xml version="1.0" encoding="UTF-8"?>
<!-- Generated by org.testng.reporters.JUnitXMLReporter -->
<testsuite ignored="0" hostname="Hanuman" failures="0" tests="5" name="open cart HomePage Test" time="15.063" errors="0" timestamp="2025-08-02T19:57:28 IST">
  <testcase classname="com.qa.opencart.tests.HomePageTest" name="homepageTitleTest" time="0.182"/>
  <testcase classname="com.qa.opencart.tests.HomePageTest" name="homepageURLTest" time="0.004"/>
  <testcase classname="com.qa.opencart.tests.HomePageTest" name="searchTest" time="0.633"/>
  <testcase classname="com.qa.opencart.tests.HomePageTest" name="searchTest" time="0.682"/>
  <testcase classname="com.qa.opencart.tests.HomePageTest" name="searchTest" time="0.62"/>
</testsuite> <!-- open cart HomePage Test -->
