<?xml version="1.0" encoding="UTF-8"?>
<testng-results ignored="0" total="8" passed="8" failed="0" skipped="0">
  <reporter-output>
  </reporter-output>
  <suite started-at="2025-08-05T19:09:25 IST" name="open cart Test Regression pw Suite" finished-at="2025-08-05T19:09:44 IST" duration-ms="18897">
    <groups>
    </groups>
    <test started-at="2025-08-05T19:09:25 IST" name="open cart LoginPage Test_chrome" finished-at="2025-08-05T19:09:38 IST" duration-ms="12729">
      <class name="com.qa.opencart.tests.LoginPageTest">
        <test-method is-config="true" signature="setUp(java.lang.String)[pri:0, instance:com.qa.opencart.tests.LoginPageTest@7b94089b]" started-at="2025-08-05T19:09:25 IST" name="setUp" finished-at="2025-08-05T19:09:36 IST" duration-ms="10328" status="PASS">
          <params>
            <param index="0">
              <value>
                <![CDATA[chrome]]>
              </value>
            </param>
          </params>
          <reporter-output>
          </reporter-output>
        </test-method> <!-- setUp -->
        <test-method signature="loginPageNavigationTest()[pri:1, instance:com.qa.opencart.tests.LoginPageTest@7b94089b]" started-at="2025-08-05T19:09:36 IST" name="loginPageNavigationTest" finished-at="2025-08-05T19:09:37 IST" duration-ms="930" status="PASS">
          <reporter-output>
          </reporter-output>
        </test-method> <!-- loginPageNavigationTest -->
        <test-method signature="forgotPwdLinkExistTest()[pri:2, instance:com.qa.opencart.tests.LoginPageTest@7b94089b]" started-at="2025-08-05T19:09:37 IST" name="forgotPwdLinkExistTest" finished-at="2025-08-05T19:09:37 IST" duration-ms="34" status="PASS">
          <reporter-output>
          </reporter-output>
        </test-method> <!-- forgotPwdLinkExistTest -->
        <test-method signature="appLoginTest()[pri:3, instance:com.qa.opencart.tests.LoginPageTest@7b94089b]" started-at="2025-08-05T19:09:37 IST" name="appLoginTest" finished-at="2025-08-05T19:09:37 IST" duration-ms="644" status="PASS">
          <reporter-output>
          </reporter-output>
        </test-method> <!-- appLoginTest -->
        <test-method is-config="true" signature="tearDown()[pri:0, instance:com.qa.opencart.tests.LoginPageTest@7b94089b]" started-at="2025-08-05T19:09:37 IST" name="tearDown" finished-at="2025-08-05T19:09:38 IST" duration-ms="646" status="PASS">
          <reporter-output>
          </reporter-output>
        </test-method> <!-- tearDown -->
      </class> <!-- com.qa.opencart.tests.LoginPageTest -->
    </test> <!-- open cart LoginPage Test_chrome -->
    <test started-at="2025-08-05T19:09:25 IST" name="open cart HomePage Test_firefox" finished-at="2025-08-05T19:09:44 IST" duration-ms="18897">
      <class name="com.qa.opencart.tests.HomePageTest">
        <test-method is-config="true" signature="setUp(java.lang.String)[pri:0, instance:com.qa.opencart.tests.HomePageTest@39a2bb97]" started-at="2025-08-05T19:09:25 IST" name="setUp" finished-at="2025-08-05T19:09:41 IST" duration-ms="15910" status="PASS">
          <params>
            <param index="0">
              <value>
                <![CDATA[firefox]]>
              </value>
            </param>
          </params>
          <reporter-output>
          </reporter-output>
        </test-method> <!-- setUp -->
        <test-method signature="homepageTitleTest()[pri:0, instance:com.qa.opencart.tests.HomePageTest@39a2bb97]" started-at="2025-08-05T19:09:41 IST" name="homepageTitleTest" finished-at="2025-08-05T19:09:41 IST" duration-ms="18" status="PASS">
          <reporter-output>
          </reporter-output>
        </test-method> <!-- homepageTitleTest -->
        <test-method signature="homepageURLTest()[pri:0, instance:com.qa.opencart.tests.HomePageTest@39a2bb97]" started-at="2025-08-05T19:09:41 IST" name="homepageURLTest" finished-at="2025-08-05T19:09:41 IST" duration-ms="3" status="PASS">
          <reporter-output>
          </reporter-output>
        </test-method> <!-- homepageURLTest -->
        <test-method signature="searchTest(java.lang.String)[pri:0, instance:com.qa.opencart.tests.HomePageTest@39a2bb97]" started-at="2025-08-05T19:09:41 IST" name="searchTest" data-provider="getDataProductData" finished-at="2025-08-05T19:09:42 IST" duration-ms="737" status="PASS">
          <params>
            <param index="0">
              <value>
                <![CDATA[Macbook]]>
              </value>
            </param>
          </params>
          <reporter-output>
          </reporter-output>
        </test-method> <!-- searchTest -->
        <test-method signature="searchTest(java.lang.String)[pri:0, instance:com.qa.opencart.tests.HomePageTest@39a2bb97]" started-at="2025-08-05T19:09:42 IST" name="searchTest" data-provider="getDataProductData" finished-at="2025-08-05T19:09:43 IST" duration-ms="718" status="PASS">
          <params>
            <param index="0">
              <value>
                <![CDATA[iMac]]>
              </value>
            </param>
          </params>
          <reporter-output>
          </reporter-output>
        </test-method> <!-- searchTest -->
        <test-method signature="searchTest(java.lang.String)[pri:0, instance:com.qa.opencart.tests.HomePageTest@39a2bb97]" started-at="2025-08-05T19:09:43 IST" name="searchTest" data-provider="getDataProductData" finished-at="2025-08-05T19:09:43 IST" duration-ms="701" status="PASS">
          <params>
            <param index="0">
              <value>
                <![CDATA[Samsung]]>
              </value>
            </param>
          </params>
          <reporter-output>
          </reporter-output>
        </test-method> <!-- searchTest -->
        <test-method is-config="true" signature="tearDown()[pri:0, instance:com.qa.opencart.tests.HomePageTest@39a2bb97]" started-at="2025-08-05T19:09:43 IST" name="tearDown" finished-at="2025-08-05T19:09:44 IST" duration-ms="773" status="PASS">
          <reporter-output>
          </reporter-output>
        </test-method> <!-- tearDown -->
      </class> <!-- com.qa.opencart.tests.HomePageTest -->
    </test> <!-- open cart HomePage Test_firefox -->
  </suite> <!-- open cart Test Regression pw Suite -->
</testng-results>
