<?xml version="1.0" encoding="UTF-8"?>
<testng-results ignored="0" total="8" passed="8" failed="0" skipped="0">
  <reporter-output>
  </reporter-output>
  <suite started-at="2025-08-05T17:36:21 IST" name="open cart Test Regression pw Suite" finished-at="2025-08-05T17:36:41 IST" duration-ms="19617">
    <groups>
    </groups>
    <test started-at="2025-08-05T17:36:21 IST" name="open cart LoginPage Test_chrome" finished-at="2025-08-05T17:36:39 IST" duration-ms="17526">
      <class name="com.qa.opencart.tests.LoginPageTest">
        <test-method is-config="true" signature="setUp(java.lang.String)[pri:0, instance:com.qa.opencart.tests.LoginPageTest@6155d082]" started-at="2025-08-05T17:36:21 IST" name="setUp" finished-at="2025-08-05T17:36:35 IST" duration-ms="13719" status="PASS">
          <params>
            <param index="0">
              <value>
                <![CDATA[chrome]]>
              </value>
            </param>
          </params>
          <reporter-output>
          </reporter-output>
        </test-method> <!-- setUp -->
        <test-method signature="loginPageNavigationTest()[pri:1, instance:com.qa.opencart.tests.LoginPageTest@6155d082]" started-at="2025-08-05T17:36:35 IST" name="loginPageNavigationTest" finished-at="2025-08-05T17:36:37 IST" duration-ms="1442" status="PASS">
          <reporter-output>
          </reporter-output>
        </test-method> <!-- loginPageNavigationTest -->
        <test-method signature="forgotPwdLinkExistTest()[pri:2, instance:com.qa.opencart.tests.LoginPageTest@6155d082]" started-at="2025-08-05T17:36:37 IST" name="forgotPwdLinkExistTest" finished-at="2025-08-05T17:36:37 IST" duration-ms="37" status="PASS">
          <reporter-output>
          </reporter-output>
        </test-method> <!-- forgotPwdLinkExistTest -->
        <test-method signature="appLoginTest()[pri:3, instance:com.qa.opencart.tests.LoginPageTest@6155d082]" started-at="2025-08-05T17:36:37 IST" name="appLoginTest" finished-at="2025-08-05T17:36:38 IST" duration-ms="1589" status="PASS">
          <reporter-output>
          </reporter-output>
        </test-method> <!-- appLoginTest -->
        <test-method is-config="true" signature="tearDown()[pri:0, instance:com.qa.opencart.tests.LoginPageTest@6155d082]" started-at="2025-08-05T17:36:38 IST" name="tearDown" finished-at="2025-08-05T17:36:39 IST" duration-ms="631" status="PASS">
          <reporter-output>
          </reporter-output>
        </test-method> <!-- tearDown -->
      </class> <!-- com.qa.opencart.tests.LoginPageTest -->
    </test> <!-- open cart LoginPage Test_chrome -->
    <test started-at="2025-08-05T17:36:21 IST" name="open cart HomePage Test_firefox" finished-at="2025-08-05T17:36:41 IST" duration-ms="19617">
      <class name="com.qa.opencart.tests.HomePageTest">
        <test-method is-config="true" signature="setUp(java.lang.String)[pri:0, instance:com.qa.opencart.tests.HomePageTest@4331d187]" started-at="2025-08-05T17:36:21 IST" name="setUp" finished-at="2025-08-05T17:36:38 IST" duration-ms="16661" status="PASS">
          <params>
            <param index="0">
              <value>
                <![CDATA[firefox]]>
              </value>
            </param>
          </params>
          <reporter-output>
          </reporter-output>
        </test-method> <!-- setUp -->
        <test-method signature="homepageTitleTest()[pri:0, instance:com.qa.opencart.tests.HomePageTest@4331d187]" started-at="2025-08-05T17:36:38 IST" name="homepageTitleTest" finished-at="2025-08-05T17:36:38 IST" duration-ms="22" status="PASS">
          <reporter-output>
          </reporter-output>
        </test-method> <!-- homepageTitleTest -->
        <test-method signature="homepageURLTest()[pri:0, instance:com.qa.opencart.tests.HomePageTest@4331d187]" started-at="2025-08-05T17:36:38 IST" name="homepageURLTest" finished-at="2025-08-05T17:36:38 IST" duration-ms="6" status="PASS">
          <reporter-output>
          </reporter-output>
        </test-method> <!-- homepageURLTest -->
        <test-method signature="searchTest(java.lang.String)[pri:0, instance:com.qa.opencart.tests.HomePageTest@4331d187]" started-at="2025-08-05T17:36:38 IST" name="searchTest" data-provider="getDataProductData" finished-at="2025-08-05T17:36:39 IST" duration-ms="711" status="PASS">
          <params>
            <param index="0">
              <value>
                <![CDATA[Macbook]]>
              </value>
            </param>
          </params>
          <reporter-output>
          </reporter-output>
        </test-method> <!-- searchTest -->
        <test-method signature="searchTest(java.lang.String)[pri:0, instance:com.qa.opencart.tests.HomePageTest@4331d187]" started-at="2025-08-05T17:36:39 IST" name="searchTest" data-provider="getDataProductData" finished-at="2025-08-05T17:36:39 IST" duration-ms="664" status="PASS">
          <params>
            <param index="0">
              <value>
                <![CDATA[iMac]]>
              </value>
            </param>
          </params>
          <reporter-output>
          </reporter-output>
        </test-method> <!-- searchTest -->
        <test-method signature="searchTest(java.lang.String)[pri:0, instance:com.qa.opencart.tests.HomePageTest@4331d187]" started-at="2025-08-05T17:36:40 IST" name="searchTest" data-provider="getDataProductData" finished-at="2025-08-05T17:36:40 IST" duration-ms="547" status="PASS">
          <params>
            <param index="0">
              <value>
                <![CDATA[Samsung]]>
              </value>
            </param>
          </params>
          <reporter-output>
          </reporter-output>
        </test-method> <!-- searchTest -->
        <test-method is-config="true" signature="tearDown()[pri:0, instance:com.qa.opencart.tests.HomePageTest@4331d187]" started-at="2025-08-05T17:36:40 IST" name="tearDown" finished-at="2025-08-05T17:36:41 IST" duration-ms="869" status="PASS">
          <reporter-output>
          </reporter-output>
        </test-method> <!-- tearDown -->
      </class> <!-- com.qa.opencart.tests.HomePageTest -->
    </test> <!-- open cart HomePage Test_firefox -->
  </suite> <!-- open cart Test Regression pw Suite -->
</testng-results>
